<?xml version="1.0" encoding="UTF-8"?>
<testsuite xmlns:xsi="http://www.w3.org/2001/XMLSchema-instance" xsi:noNamespaceSchemaLocation="https://maven.apache.org/surefire/maven-surefire-plugin/xsd/surefire-test-report.xsd" name="musichub.business.PathValidationTest" time="0.014" tests="2" errors="0" skipped="0" failures="0">
  <properties>
    <property name="java.specification.version" value="16"/>
    <property name="sun.cpu.isalist" value="amd64"/>
    <property name="sun.jnu.encoding" value="Cp1252"/>
    <property name="java.class.path" value="C:\Users\SoftA\Documents\spoteezer\target\test-classes;C:\Users\SoftA\Documents\spoteezer\target\classes;C:\Users\SoftA\.m2\repository\org\junit\jupiter\junit-jupiter-api\5.0.2\junit-jupiter-api-5.0.2.jar;C:\Users\SoftA\.m2\repository\org\opentest4j\opentest4j\1.0.0\opentest4j-1.0.0.jar;C:\Users\SoftA\.m2\repository\org\junit\platform\junit-platform-commons\1.0.2\junit-platform-commons-1.0.2.jar;C:\Users\SoftA\.m2\repository\org\junit\jupiter\junit-jupiter-engine\5.0.2\junit-jupiter-engine-5.0.2.jar;C:\Users\SoftA\.m2\repository\org\junit\platform\junit-platform-engine\1.0.2\junit-platform-engine-1.0.2.jar;"/>
    <property name="java.vm.vendor" value="Oracle Corporation"/>
    <property name="sun.arch.data.model" value="64"/>
    <property name="user.variant" value=""/>
    <property name="java.vendor.url" value="https://java.oracle.com/"/>
    <property name="user.timezone" value="Europe/Paris"/>
    <property name="os.name" value="Windows 10"/>
    <property name="java.vm.specification.version" value="16"/>
    <property name="sun.java.launcher" value="SUN_STANDARD"/>
    <property name="user.country" value="FR"/>
    <property name="sun.boot.library.path" value="C:\Users\SoftA\.jdks\openjdk-16.0.1\bin"/>
    <property name="sun.java.command" value="C:\Users\SoftA\AppData\Local\Temp\surefire432352315427642492\surefirebooter9321675300695943827.jar C:\Users\SoftA\AppData\Local\Temp\surefire432352315427642492 2021-06-26T14-30-52_984-jvmRun1 surefire12207114920762145658tmp surefire_04118465738105299962tmp"/>
    <property name="jdk.debug" value="release"/>
    <property name="surefire.test.class.path" value="C:\Users\SoftA\Documents\spoteezer\target\test-classes;C:\Users\SoftA\Documents\spoteezer\target\classes;C:\Users\SoftA\.m2\repository\org\junit\jupiter\junit-jupiter-api\5.0.2\junit-jupiter-api-5.0.2.jar;C:\Users\SoftA\.m2\repository\org\opentest4j\opentest4j\1.0.0\opentest4j-1.0.0.jar;C:\Users\SoftA\.m2\repository\org\junit\platform\junit-platform-commons\1.0.2\junit-platform-commons-1.0.2.jar;C:\Users\SoftA\.m2\repository\org\junit\jupiter\junit-jupiter-engine\5.0.2\junit-jupiter-engine-5.0.2.jar;C:\Users\SoftA\.m2\repository\org\junit\platform\junit-platform-engine\1.0.2\junit-platform-engine-1.0.2.jar;"/>
    <property name="sun.cpu.endian" value="little"/>
    <property name="user.home" value="C:\Users\SoftA"/>
    <property name="user.language" value="fr"/>
    <property name="java.specification.vendor" value="Oracle Corporation"/>
    <property name="java.version.date" value="2021-04-20"/>
    <property name="java.home" value="C:\Users\SoftA\.jdks\openjdk-16.0.1"/>
    <property name="file.separator" value="\"/>
    <property name="basedir" value="C:\Users\SoftA\Documents\spoteezer"/>
    <property name="java.vm.compressedOopsMode" value="Zero based"/>
    <property name="line.separator" value="&#10;"/>
    <property name="java.vm.specification.vendor" value="Oracle Corporation"/>
    <property name="java.specification.name" value="Java Platform API Specification"/>
    <property name="surefire.real.class.path" value="C:\Users\SoftA\AppData\Local\Temp\surefire432352315427642492\surefirebooter9321675300695943827.jar"/>
    <property name="user.script" value=""/>
    <property name="sun.management.compiler" value="HotSpot 64-Bit Tiered Compilers"/>
    <property name="java.runtime.version" value="16.0.1+9-24"/>
    <property name="user.name" value="SoftA"/>
    <property name="path.separator" value=";"/>
    <property name="os.version" value="10.0"/>
    <property name="java.runtime.name" value="OpenJDK Runtime Environment"/>
    <property name="file.encoding" value="Cp1252"/>
    <property name="java.vm.name" value="OpenJDK 64-Bit Server VM"/>
    <property name="localRepository" value="C:\Users\SoftA\.m2\repository"/>
    <property name="java.vendor.url.bug" value="https://bugreport.java.com/bugreport/"/>
    <property name="java.io.tmpdir" value="C:\Users\SoftA\AppData\Local\Temp\"/>
    <property name="java.version" value="16.0.1"/>
    <property name="user.dir" value="C:\Users\SoftA\Documents\spoteezer"/>
    <property name="os.arch" value="amd64"/>
    <property name="java.vm.specification.name" value="Java Virtual Machine Specification"/>
    <property name="sun.os.patch.level" value=""/>
    <property name="java.library.path" value="C:\Users\SoftA\.jdks\openjdk-16.0.1\bin;C:\Windows\Sun\Java\bin;C:\Windows\system32;C:\Windows;C:\Program Files\Oculus\Support\oculus-runtime;C:\Windows\system32;C:\Windows;C:\Windows\System32\Wbem;C:\Windows\System32\WindowsPowerShell\v1.0\;C:\Windows\System32\OpenSSH\;C:\Program Files\NVIDIA Corporation\NVIDIA NvDLISR;C:\Program Files (x86)\NVIDIA Corporation\PhysX\Common;C:\Program Files\Git\cmd;C:\Users\SoftA\.jdks\openjdk-16.0.1\bin;C:\Users\SoftA\AppData\Local\Microsoft\WindowsApps;C:\ffmpeg\bin;C:\apache-maven-3.8.1\bin;;."/>
    <property name="java.vm.info" value="mixed mode, sharing"/>
    <property name="java.vendor" value="Oracle Corporation"/>
    <property name="java.vm.version" value="16.0.1+9-24"/>
    <property name="sun.io.unicode.encoding" value="UnicodeLittle"/>
    <property name="java.class.version" value="60.0"/>
  </properties>
  <testcase name="testPathValidationClass" classname="musichub.business.PathValidationTest" time="0.007"/>
  <testcase name="testIsPathValid" classname="musichub.business.PathValidationTest" time="0.002"/>
</testsuite>